<?xml version="1.0" encoding="UTF-8"?><testrun name="Student" project="Student" tests="68" started="68" failures="4" errors="2" ignored="0">
  <testsuite name="com.example.demo.StudentApplicationTests" time="1.349" displayname="StudentApplicationTests" uniqueid="[engine:junit-jupiter]/[class:com.example.demo.StudentApplicationTests]">
    <testcase name="contextLoads" classname="com.example.demo.StudentApplicationTests" time="1.349" displayname="contextLoads()" uniqueid="[engine:junit-jupiter]/[class:com.example.demo.StudentApplicationTests]/[method:contextLoads()]"/>
  </testsuite>
  <testsuite name="com.example.demo.controller.StudentRepositoryLayerUnitTest" time="0.422" displayname="StudentRepositoryLayerUnitTest" uniqueid="[engine:junit-jupiter]/[class:com.example.demo.controller.StudentRepositoryLayerUnitTest]">
    <testcase name="_should_add_student" classname="com.example.demo.controller.StudentRepositoryLayerUnitTest" time="0.24" displayname="_should_add_student()" uniqueid="[engine:junit-jupiter]/[class:com.example.demo.controller.StudentRepositoryLayerUnitTest]/[method:_should_add_student()]"/>
    <testcase name="_should_return_student_list" classname="com.example.demo.controller.StudentRepositoryLayerUnitTest" time="0.095" displayname="_should_return_student_list()" uniqueid="[engine:junit-jupiter]/[class:com.example.demo.controller.StudentRepositoryLayerUnitTest]/[method:_should_return_student_list()]"/>
    <testcase name="_should_return_student_by_id" classname="com.example.demo.controller.StudentRepositoryLayerUnitTest" time="0.023" displayname="_should_return_student_by_id()" uniqueid="[engine:junit-jupiter]/[class:com.example.demo.controller.StudentRepositoryLayerUnitTest]/[method:_should_return_student_by_id()]">
      <failure>
        <expected>true</expected>
        <actual>false</actual>
        org.opentest4j.AssertionFailedError: expected: &lt;true&gt; but was: &lt;false&gt;&#13;
	at org.junit.jupiter.api.AssertionFailureBuilder.build(AssertionFailureBuilder.java:151)&#13;
	at org.junit.jupiter.api.AssertionFailureBuilder.buildAndThrow(AssertionFailureBuilder.java:132)&#13;
	at org.junit.jupiter.api.AssertTrue.failNotTrue(AssertTrue.java:63)&#13;
	at org.junit.jupiter.api.AssertTrue.assertTrue(AssertTrue.java:36)&#13;
	at org.junit.jupiter.api.AssertTrue.assertTrue(AssertTrue.java:31)&#13;
	at org.junit.jupiter.api.Assertions.assertTrue(Assertions.java:180)&#13;
	at com.example.demo.controller.StudentRepositoryLayerUnitTest._should_return_student_by_id(StudentRepositoryLayerUnitTest.java:65)&#13;
	at java.base/jdk.internal.reflect.NativeMethodAccessorImpl.invoke0(Native Method)&#13;
	at java.base/jdk.internal.reflect.NativeMethodAccessorImpl.invoke(NativeMethodAccessorImpl.java:77)&#13;
	at java.base/jdk.internal.reflect.DelegatingMethodAccessorImpl.invoke(DelegatingMethodAccessorImpl.java:43)&#13;
	at java.base/java.lang.reflect.Method.invoke(Method.java:568)&#13;
	at org.junit.platform.commons.util.ReflectionUtils.invokeMethod(ReflectionUtils.java:727)&#13;
	at org.junit.jupiter.engine.execution.MethodInvocation.proceed(MethodInvocation.java:60)&#13;
	at org.junit.jupiter.engine.execution.InvocationInterceptorChain$ValidatingInvocation.proceed(InvocationInterceptorChain.java:131)&#13;
	at org.junit.jupiter.engine.extension.TimeoutExtension.intercept(TimeoutExtension.java:156)&#13;
	at org.junit.jupiter.engine.extension.TimeoutExtension.interceptTestableMethod(TimeoutExtension.java:147)&#13;
	at org.junit.jupiter.engine.extension.TimeoutExtension.interceptTestMethod(TimeoutExtension.java:86)&#13;
	at org.junit.jupiter.engine.execution.InterceptingExecutableInvoker$ReflectiveInterceptorCall.lambda$ofVoidMethod$0(InterceptingExecutableInvoker.java:103)&#13;
	at org.junit.jupiter.engine.execution.InterceptingExecutableInvoker.lambda$invoke$0(InterceptingExecutableInvoker.java:93)&#13;
	at org.junit.jupiter.engine.execution.InvocationInterceptorChain$InterceptedInvocation.proceed(InvocationInterceptorChain.java:106)&#13;
	at org.junit.jupiter.engine.execution.InvocationInterceptorChain.proceed(InvocationInterceptorChain.java:64)&#13;
	at org.junit.jupiter.engine.execution.InvocationInterceptorChain.chainAndInvoke(InvocationInterceptorChain.java:45)&#13;
	at org.junit.jupiter.engine.execution.InvocationInterceptorChain.invoke(InvocationInterceptorChain.java:37)&#13;
	at org.junit.jupiter.engine.execution.InterceptingExecutableInvoker.invoke(InterceptingExecutableInvoker.java:92)&#13;
	at org.junit.jupiter.engine.execution.InterceptingExecutableInvoker.invoke(InterceptingExecutableInvoker.java:86)&#13;
	at org.junit.jupiter.engine.descriptor.TestMethodTestDescriptor.lambda$invokeTestMethod$7(TestMethodTestDescriptor.java:217)&#13;
	at org.junit.platform.engine.support.hierarchical.ThrowableCollector.execute(ThrowableCollector.java:73)&#13;
	at org.junit.jupiter.engine.descriptor.TestMethodTestDescriptor.invokeTestMethod(TestMethodTestDescriptor.java:213)&#13;
	at org.junit.jupiter.engine.descriptor.TestMethodTestDescriptor.execute(TestMethodTestDescriptor.java:138)&#13;
	at org.junit.jupiter.engine.descriptor.TestMethodTestDescriptor.execute(TestMethodTestDescriptor.java:68)&#13;
	at org.junit.platform.engine.support.hierarchical.NodeTestTask.lambda$executeRecursively$6(NodeTestTask.java:151)&#13;
	at org.junit.platform.engine.support.hierarchical.ThrowableCollector.execute(ThrowableCollector.java:73)&#13;
	at org.junit.platform.engine.support.hierarchical.NodeTestTask.lambda$executeRecursively$8(NodeTestTask.java:141)&#13;
	at org.junit.platform.engine.support.hierarchical.Node.around(Node.java:137)&#13;
	at org.junit.platform.engine.support.hierarchical.NodeTestTask.lambda$executeRecursively$9(NodeTestTask.java:139)&#13;
	at org.junit.platform.engine.support.hierarchical.ThrowableCollector.execute(ThrowableCollector.java:73)&#13;
	at org.junit.platform.engine.support.hierarchical.NodeTestTask.executeRecursively(NodeTestTask.java:138)&#13;
	at org.junit.platform.engine.support.hierarchical.NodeTestTask.execute(NodeTestTask.java:95)&#13;
	at java.base/java.util.ArrayList.forEach(ArrayList.java:1511)&#13;
	at org.junit.platform.engine.support.hierarchical.SameThreadHierarchicalTestExecutorService.invokeAll(SameThreadHierarchicalTestExecutorService.java:41)&#13;
	at org.junit.platform.engine.support.hierarchical.NodeTestTask.lambda$executeRecursively$6(NodeTestTask.java:155)&#13;
	at org.junit.platform.engine.support.hierarchical.ThrowableCollector.execute(ThrowableCollector.java:73)&#13;
	at org.junit.platform.engine.support.hierarchical.NodeTestTask.lambda$executeRecursively$8(NodeTestTask.java:141)&#13;
	at org.junit.platform.engine.support.hierarchical.Node.around(Node.java:137)&#13;
	at org.junit.platform.engine.support.hierarchical.NodeTestTask.lambda$executeRecursively$9(NodeTestTask.java:139)&#13;
	at org.junit.platform.engine.support.hierarchical.ThrowableCollector.execute(ThrowableCollector.java:73)&#13;
	at org.junit.platform.engine.support.hierarchical.NodeTestTask.executeRecursively(NodeTestTask.java:138)&#13;
	at org.junit.platform.engine.support.hierarchical.NodeTestTask.execute(NodeTestTask.java:95)&#13;
	at java.base/java.util.ArrayList.forEach(ArrayList.java:1511)&#13;
	at org.junit.platform.engine.support.hierarchical.SameThreadHierarchicalTestExecutorService.invokeAll(SameThreadHierarchicalTestExecutorService.java:41)&#13;
	at org.junit.platform.engine.support.hierarchical.NodeTestTask.lambda$executeRecursively$6(NodeTestTask.java:155)&#13;
	at org.junit.platform.engine.support.hierarchical.ThrowableCollector.execute(ThrowableCollector.java:73)&#13;
	at org.junit.platform.engine.support.hierarchical.NodeTestTask.lambda$executeRecursively$8(NodeTestTask.java:141)&#13;
	at org.junit.platform.engine.support.hierarchical.Node.around(Node.java:137)&#13;
	at org.junit.platform.engine.support.hierarchical.NodeTestTask.lambda$executeRecursively$9(NodeTestTask.java:139)&#13;
	at org.junit.platform.engine.support.hierarchical.ThrowableCollector.execute(ThrowableCollector.java:73)&#13;
	at org.junit.platform.engine.support.hierarchical.NodeTestTask.executeRecursively(NodeTestTask.java:138)&#13;
	at org.junit.platform.engine.support.hierarchical.NodeTestTask.execute(NodeTestTask.java:95)&#13;
	at org.junit.platform.engine.support.hierarchical.SameThreadHierarchicalTestExecutorService.submit(SameThreadHierarchicalTestExecutorService.java:35)&#13;
	at org.junit.platform.engine.support.hierarchical.HierarchicalTestExecutor.execute(HierarchicalTestExecutor.java:57)&#13;
	at org.junit.platform.engine.support.hierarchical.HierarchicalTestEngine.execute(HierarchicalTestEngine.java:54)&#13;
	at org.junit.platform.launcher.core.EngineExecutionOrchestrator.execute(EngineExecutionOrchestrator.java:147)&#13;
	at org.junit.platform.launcher.core.EngineExecutionOrchestrator.execute(EngineExecutionOrchestrator.java:127)&#13;
	at org.junit.platform.launcher.core.EngineExecutionOrchestrator.execute(EngineExecutionOrchestrator.java:90)&#13;
	at org.junit.platform.launcher.core.EngineExecutionOrchestrator.lambda$execute$0(EngineExecutionOrchestrator.java:55)&#13;
	at org.junit.platform.launcher.core.EngineExecutionOrchestrator.withInterceptedStreams(EngineExecutionOrchestrator.java:102)&#13;
	at org.junit.platform.launcher.core.EngineExecutionOrchestrator.execute(EngineExecutionOrchestrator.java:54)&#13;
	at org.junit.platform.launcher.core.DefaultLauncher.execute(DefaultLauncher.java:114)&#13;
	at org.junit.platform.launcher.core.DefaultLauncher.execute(DefaultLauncher.java:95)&#13;
	at org.junit.platform.launcher.core.DefaultLauncherSession$DelegatingLauncher.execute(DefaultLauncherSession.java:91)&#13;
	at org.junit.platform.launcher.core.SessionPerRequestLauncher.execute(SessionPerRequestLauncher.java:60)&#13;
	at org.eclipse.jdt.internal.junit5.runner.JUnit5TestReference.run(JUnit5TestReference.java:98)&#13;
	at org.eclipse.jdt.internal.junit.runner.TestExecution.run(TestExecution.java:40)&#13;
	at org.eclipse.jdt.internal.junit.runner.RemoteTestRunner.runTests(RemoteTestRunner.java:529)&#13;
	at org.eclipse.jdt.internal.junit.runner.RemoteTestRunner.runTests(RemoteTestRunner.java:756)&#13;
	at org.eclipse.jdt.internal.junit.runner.RemoteTestRunner.run(RemoteTestRunner.java:452)&#13;
	at org.eclipse.jdt.internal.junit.runner.RemoteTestRunner.main(RemoteTestRunner.java:210)&#13;
&#13;

      </failure>
    </testcase>
    <testcase name="_should_return_student_by_name" classname="com.example.demo.controller.StudentRepositoryLayerUnitTest" time="0.035" displayname="_should_return_student_by_name()" uniqueid="[engine:junit-jupiter]/[class:com.example.demo.controller.StudentRepositoryLayerUnitTest]/[method:_should_return_student_by_name()]"/>
    <testcase name="_should_return_student_by_RollNumber" classname="com.example.demo.controller.StudentRepositoryLayerUnitTest" time="0.011" displayname="_should_return_student_by_RollNumber()" uniqueid="[engine:junit-jupiter]/[class:com.example.demo.controller.StudentRepositoryLayerUnitTest]/[method:_should_return_student_by_RollNumber()]">
      <failure>
        <expected>true</expected>
        <actual>false</actual>
        org.opentest4j.AssertionFailedError: expected: &lt;true&gt; but was: &lt;false&gt;&#13;
	at org.junit.jupiter.api.AssertionFailureBuilder.build(AssertionFailureBuilder.java:151)&#13;
	at org.junit.jupiter.api.AssertionFailureBuilder.buildAndThrow(AssertionFailureBuilder.java:132)&#13;
	at org.junit.jupiter.api.AssertTrue.failNotTrue(AssertTrue.java:63)&#13;
	at org.junit.jupiter.api.AssertTrue.assertTrue(AssertTrue.java:36)&#13;
	at org.junit.jupiter.api.AssertTrue.assertTrue(AssertTrue.java:31)&#13;
	at org.junit.jupiter.api.Assertions.assertTrue(Assertions.java:180)&#13;
	at com.example.demo.controller.StudentRepositoryLayerUnitTest._should_return_student_by_RollNumber(StudentRepositoryLayerUnitTest.java:85)&#13;
	at java.base/jdk.internal.reflect.NativeMethodAccessorImpl.invoke0(Native Method)&#13;
	at java.base/jdk.internal.reflect.NativeMethodAccessorImpl.invoke(NativeMethodAccessorImpl.java:77)&#13;
	at java.base/jdk.internal.reflect.DelegatingMethodAccessorImpl.invoke(DelegatingMethodAccessorImpl.java:43)&#13;
	at java.base/java.lang.reflect.Method.invoke(Method.java:568)&#13;
	at org.junit.platform.commons.util.ReflectionUtils.invokeMethod(ReflectionUtils.java:727)&#13;
	at org.junit.jupiter.engine.execution.MethodInvocation.proceed(MethodInvocation.java:60)&#13;
	at org.junit.jupiter.engine.execution.InvocationInterceptorChain$ValidatingInvocation.proceed(InvocationInterceptorChain.java:131)&#13;
	at org.junit.jupiter.engine.extension.TimeoutExtension.intercept(TimeoutExtension.java:156)&#13;
	at org.junit.jupiter.engine.extension.TimeoutExtension.interceptTestableMethod(TimeoutExtension.java:147)&#13;
	at org.junit.jupiter.engine.extension.TimeoutExtension.interceptTestMethod(TimeoutExtension.java:86)&#13;
	at org.junit.jupiter.engine.execution.InterceptingExecutableInvoker$ReflectiveInterceptorCall.lambda$ofVoidMethod$0(InterceptingExecutableInvoker.java:103)&#13;
	at org.junit.jupiter.engine.execution.InterceptingExecutableInvoker.lambda$invoke$0(InterceptingExecutableInvoker.java:93)&#13;
	at org.junit.jupiter.engine.execution.InvocationInterceptorChain$InterceptedInvocation.proceed(InvocationInterceptorChain.java:106)&#13;
	at org.junit.jupiter.engine.execution.InvocationInterceptorChain.proceed(InvocationInterceptorChain.java:64)&#13;
	at org.junit.jupiter.engine.execution.InvocationInterceptorChain.chainAndInvoke(InvocationInterceptorChain.java:45)&#13;
	at org.junit.jupiter.engine.execution.InvocationInterceptorChain.invoke(InvocationInterceptorChain.java:37)&#13;
	at org.junit.jupiter.engine.execution.InterceptingExecutableInvoker.invoke(InterceptingExecutableInvoker.java:92)&#13;
	at org.junit.jupiter.engine.execution.InterceptingExecutableInvoker.invoke(InterceptingExecutableInvoker.java:86)&#13;
	at org.junit.jupiter.engine.descriptor.TestMethodTestDescriptor.lambda$invokeTestMethod$7(TestMethodTestDescriptor.java:217)&#13;
	at org.junit.platform.engine.support.hierarchical.ThrowableCollector.execute(ThrowableCollector.java:73)&#13;
	at org.junit.jupiter.engine.descriptor.TestMethodTestDescriptor.invokeTestMethod(TestMethodTestDescriptor.java:213)&#13;
	at org.junit.jupiter.engine.descriptor.TestMethodTestDescriptor.execute(TestMethodTestDescriptor.java:138)&#13;
	at org.junit.jupiter.engine.descriptor.TestMethodTestDescriptor.execute(TestMethodTestDescriptor.java:68)&#13;
	at org.junit.platform.engine.support.hierarchical.NodeTestTask.lambda$executeRecursively$6(NodeTestTask.java:151)&#13;
	at org.junit.platform.engine.support.hierarchical.ThrowableCollector.execute(ThrowableCollector.java:73)&#13;
	at org.junit.platform.engine.support.hierarchical.NodeTestTask.lambda$executeRecursively$8(NodeTestTask.java:141)&#13;
	at org.junit.platform.engine.support.hierarchical.Node.around(Node.java:137)&#13;
	at org.junit.platform.engine.support.hierarchical.NodeTestTask.lambda$executeRecursively$9(NodeTestTask.java:139)&#13;
	at org.junit.platform.engine.support.hierarchical.ThrowableCollector.execute(ThrowableCollector.java:73)&#13;
	at org.junit.platform.engine.support.hierarchical.NodeTestTask.executeRecursively(NodeTestTask.java:138)&#13;
	at org.junit.platform.engine.support.hierarchical.NodeTestTask.execute(NodeTestTask.java:95)&#13;
	at java.base/java.util.ArrayList.forEach(ArrayList.java:1511)&#13;
	at org.junit.platform.engine.support.hierarchical.SameThreadHierarchicalTestExecutorService.invokeAll(SameThreadHierarchicalTestExecutorService.java:41)&#13;
	at org.junit.platform.engine.support.hierarchical.NodeTestTask.lambda$executeRecursively$6(NodeTestTask.java:155)&#13;
	at org.junit.platform.engine.support.hierarchical.ThrowableCollector.execute(ThrowableCollector.java:73)&#13;
	at org.junit.platform.engine.support.hierarchical.NodeTestTask.lambda$executeRecursively$8(NodeTestTask.java:141)&#13;
	at org.junit.platform.engine.support.hierarchical.Node.around(Node.java:137)&#13;
	at org.junit.platform.engine.support.hierarchical.NodeTestTask.lambda$executeRecursively$9(NodeTestTask.java:139)&#13;
	at org.junit.platform.engine.support.hierarchical.ThrowableCollector.execute(ThrowableCollector.java:73)&#13;
	at org.junit.platform.engine.support.hierarchical.NodeTestTask.executeRecursively(NodeTestTask.java:138)&#13;
	at org.junit.platform.engine.support.hierarchical.NodeTestTask.execute(NodeTestTask.java:95)&#13;
	at java.base/java.util.ArrayList.forEach(ArrayList.java:1511)&#13;
	at org.junit.platform.engine.support.hierarchical.SameThreadHierarchicalTestExecutorService.invokeAll(SameThreadHierarchicalTestExecutorService.java:41)&#13;
	at org.junit.platform.engine.support.hierarchical.NodeTestTask.lambda$executeRecursively$6(NodeTestTask.java:155)&#13;
	at org.junit.platform.engine.support.hierarchical.ThrowableCollector.execute(ThrowableCollector.java:73)&#13;
	at org.junit.platform.engine.support.hierarchical.NodeTestTask.lambda$executeRecursively$8(NodeTestTask.java:141)&#13;
	at org.junit.platform.engine.support.hierarchical.Node.around(Node.java:137)&#13;
	at org.junit.platform.engine.support.hierarchical.NodeTestTask.lambda$executeRecursively$9(NodeTestTask.java:139)&#13;
	at org.junit.platform.engine.support.hierarchical.ThrowableCollector.execute(ThrowableCollector.java:73)&#13;
	at org.junit.platform.engine.support.hierarchical.NodeTestTask.executeRecursively(NodeTestTask.java:138)&#13;
	at org.junit.platform.engine.support.hierarchical.NodeTestTask.execute(NodeTestTask.java:95)&#13;
	at org.junit.platform.engine.support.hierarchical.SameThreadHierarchicalTestExecutorService.submit(SameThreadHierarchicalTestExecutorService.java:35)&#13;
	at org.junit.platform.engine.support.hierarchical.HierarchicalTestExecutor.execute(HierarchicalTestExecutor.java:57)&#13;
	at org.junit.platform.engine.support.hierarchical.HierarchicalTestEngine.execute(HierarchicalTestEngine.java:54)&#13;
	at org.junit.platform.launcher.core.EngineExecutionOrchestrator.execute(EngineExecutionOrchestrator.java:147)&#13;
	at org.junit.platform.launcher.core.EngineExecutionOrchestrator.execute(EngineExecutionOrchestrator.java:127)&#13;
	at org.junit.platform.launcher.core.EngineExecutionOrchestrator.execute(EngineExecutionOrchestrator.java:90)&#13;
	at org.junit.platform.launcher.core.EngineExecutionOrchestrator.lambda$execute$0(EngineExecutionOrchestrator.java:55)&#13;
	at org.junit.platform.launcher.core.EngineExecutionOrchestrator.withInterceptedStreams(EngineExecutionOrchestrator.java:102)&#13;
	at org.junit.platform.launcher.core.EngineExecutionOrchestrator.execute(EngineExecutionOrchestrator.java:54)&#13;
	at org.junit.platform.launcher.core.DefaultLauncher.execute(DefaultLauncher.java:114)&#13;
	at org.junit.platform.launcher.core.DefaultLauncher.execute(DefaultLauncher.java:95)&#13;
	at org.junit.platform.launcher.core.DefaultLauncherSession$DelegatingLauncher.execute(DefaultLauncherSession.java:91)&#13;
	at org.junit.platform.launcher.core.SessionPerRequestLauncher.execute(SessionPerRequestLauncher.java:60)&#13;
	at org.eclipse.jdt.internal.junit5.runner.JUnit5TestReference.run(JUnit5TestReference.java:98)&#13;
	at org.eclipse.jdt.internal.junit.runner.TestExecution.run(TestExecution.java:40)&#13;
	at org.eclipse.jdt.internal.junit.runner.RemoteTestRunner.runTests(RemoteTestRunner.java:529)&#13;
	at org.eclipse.jdt.internal.junit.runner.RemoteTestRunner.runTests(RemoteTestRunner.java:756)&#13;
	at org.eclipse.jdt.internal.junit.runner.RemoteTestRunner.run(RemoteTestRunner.java:452)&#13;
	at org.eclipse.jdt.internal.junit.runner.RemoteTestRunner.main(RemoteTestRunner.java:210)&#13;
&#13;

      </failure>
    </testcase>
    <testcase name="_should_update_existing_student" classname="com.example.demo.controller.StudentRepositoryLayerUnitTest" time="0.009" displayname="_should_update_existing_student()" uniqueid="[engine:junit-jupiter]/[class:com.example.demo.controller.StudentRepositoryLayerUnitTest]/[method:_should_update_existing_student()]"/>
  </testsuite>
  <testsuite name="com.example.demo.controller.StudentServiceUnitTest" time="6.44" displayname="StudentServiceUnitTest" uniqueid="[engine:junit-jupiter]/[class:com.example.demo.controller.StudentServiceUnitTest]">
    <testcase name="testSearchStudentsByRollNumber_emptyRollNumber_returnsEmptyList" classname="com.example.demo.controller.StudentServiceUnitTest" time="1.178" displayname="testSearchStudentsByRollNumber_emptyRollNumber_returnsEmptyList()" uniqueid="[engine:junit-jupiter]/[class:com.example.demo.controller.StudentServiceUnitTest]/[method:testSearchStudentsByRollNumber_emptyRollNumber_returnsEmptyList()]"/>
    <testcase name="testSearchStudentsByRollNumber_partialRollNumber_returnsListOfStudents" classname="com.example.demo.controller.StudentServiceUnitTest" time="0.015" displayname="testSearchStudentsByRollNumber_partialRollNumber_returnsListOfStudents()" uniqueid="[engine:junit-jupiter]/[class:com.example.demo.controller.StudentServiceUnitTest]/[method:testSearchStudentsByRollNumber_partialRollNumber_returnsListOfStudents()]"/>
    <testcase name="testUploadAnySpecificFile_SuccessfulUpload" classname="com.example.demo.controller.StudentServiceUnitTest" time="0.179" displayname="testUploadAnySpecificFile_SuccessfulUpload()" uniqueid="[engine:junit-jupiter]/[class:com.example.demo.controller.StudentServiceUnitTest]/[method:testUploadAnySpecificFile_SuccessfulUpload()]"/>
    <testcase name="testCreateExcelDocument_WithStudents_ReturnsValidExcel" classname="com.example.demo.controller.StudentServiceUnitTest" time="2.802" displayname="testCreateExcelDocument_WithStudents_ReturnsValidExcel()" uniqueid="[engine:junit-jupiter]/[class:com.example.demo.controller.StudentServiceUnitTest]/[method:testCreateExcelDocument_WithStudents_ReturnsValidExcel()]"/>
    <testcase name="testGetStudentDetailsById_ExistingStudent" classname="com.example.demo.controller.StudentServiceUnitTest" time="0.009" displayname="testGetStudentDetailsById_ExistingStudent()" uniqueid="[engine:junit-jupiter]/[class:com.example.demo.controller.StudentServiceUnitTest]/[method:testGetStudentDetailsById_ExistingStudent()]"/>
    <testcase name="addStudentDetails_Success" classname="com.example.demo.controller.StudentServiceUnitTest" time="0.013" displayname="addStudentDetails_Success()" uniqueid="[engine:junit-jupiter]/[class:com.example.demo.controller.StudentServiceUnitTest]/[method:addStudentDetails_Success()]"/>
    <testcase name="testUploadMultipleFiles_ExceptionHandling" classname="com.example.demo.controller.StudentServiceUnitTest" time="0.033" displayname="testUploadMultipleFiles_ExceptionHandling()" uniqueid="[engine:junit-jupiter]/[class:com.example.demo.controller.StudentServiceUnitTest]/[method:testUploadMultipleFiles_ExceptionHandling()]"/>
    <testcase name="testDumpingDataFromExcelFile_WithNullFile_ShouldThrowException" classname="com.example.demo.controller.StudentServiceUnitTest" time="0.007" displayname="testDumpingDataFromExcelFile_WithNullFile_ShouldThrowException()" uniqueid="[engine:junit-jupiter]/[class:com.example.demo.controller.StudentServiceUnitTest]/[method:testDumpingDataFromExcelFile_WithNullFile_ShouldThrowException()]"/>
    <testcase name="testUpdateStudentById_ExceptionHandling" classname="com.example.demo.controller.StudentServiceUnitTest" time="0.007" displayname="testUpdateStudentById_ExceptionHandling()" uniqueid="[engine:junit-jupiter]/[class:com.example.demo.controller.StudentServiceUnitTest]/[method:testUpdateStudentById_ExceptionHandling()]"/>
    <testcase name="testSearchStudentsByBranch_emptyBranch_returnsEmptyList" classname="com.example.demo.controller.StudentServiceUnitTest" time="0.005" displayname="testSearchStudentsByBranch_emptyBranch_returnsEmptyList()" uniqueid="[engine:junit-jupiter]/[class:com.example.demo.controller.StudentServiceUnitTest]/[method:testSearchStudentsByBranch_emptyBranch_returnsEmptyList()]"/>
    <testcase name="testDumpingDataFromExcelFile_WithInvalidFileFormat_ShouldThrowException" classname="com.example.demo.controller.StudentServiceUnitTest" time="0.008" displayname="testDumpingDataFromExcelFile_WithInvalidFileFormat_ShouldThrowException()" uniqueid="[engine:junit-jupiter]/[class:com.example.demo.controller.StudentServiceUnitTest]/[method:testDumpingDataFromExcelFile_WithInvalidFileFormat_ShouldThrowException()]">
      <failure>
        <expected>class org.apache.poi.openxml4j.exceptions.NotOfficeXmlFileException</expected>
        <actual>class java.lang.IllegalArgumentException</actual>
        org.opentest4j.AssertionFailedError: Unexpected exception type thrown, expected: &lt;org.apache.poi.openxml4j.exceptions.NotOfficeXmlFileException&gt; but was: &lt;java.lang.IllegalArgumentException&gt;&#13;
	at org.junit.jupiter.api.AssertionFailureBuilder.build(AssertionFailureBuilder.java:151)&#13;
	at org.junit.jupiter.api.AssertThrows.assertThrows(AssertThrows.java:67)&#13;
	at org.junit.jupiter.api.AssertThrows.assertThrows(AssertThrows.java:35)&#13;
	at org.junit.jupiter.api.Assertions.assertThrows(Assertions.java:3083)&#13;
	at com.example.demo.controller.StudentServiceUnitTest.testDumpingDataFromExcelFile_WithInvalidFileFormat_ShouldThrowException(StudentServiceUnitTest.java:1426)&#13;
	at java.base/jdk.internal.reflect.NativeMethodAccessorImpl.invoke0(Native Method)&#13;
	at java.base/jdk.internal.reflect.NativeMethodAccessorImpl.invoke(NativeMethodAccessorImpl.java:77)&#13;
	at java.base/jdk.internal.reflect.DelegatingMethodAccessorImpl.invoke(DelegatingMethodAccessorImpl.java:43)&#13;
	at java.base/java.lang.reflect.Method.invoke(Method.java:568)&#13;
	at org.junit.platform.commons.util.ReflectionUtils.invokeMethod(ReflectionUtils.java:727)&#13;
	at org.junit.jupiter.engine.execution.MethodInvocation.proceed(MethodInvocation.java:60)&#13;
	at org.junit.jupiter.engine.execution.InvocationInterceptorChain$ValidatingInvocation.proceed(InvocationInterceptorChain.java:131)&#13;
	at org.junit.jupiter.engine.extension.TimeoutExtension.intercept(TimeoutExtension.java:156)&#13;
	at org.junit.jupiter.engine.extension.TimeoutExtension.interceptTestableMethod(TimeoutExtension.java:147)&#13;
	at org.junit.jupiter.engine.extension.TimeoutExtension.interceptTestMethod(TimeoutExtension.java:86)&#13;
	at org.junit.jupiter.engine.execution.InterceptingExecutableInvoker$ReflectiveInterceptorCall.lambda$ofVoidMethod$0(InterceptingExecutableInvoker.java:103)&#13;
	at org.junit.jupiter.engine.execution.InterceptingExecutableInvoker.lambda$invoke$0(InterceptingExecutableInvoker.java:93)&#13;
	at org.junit.jupiter.engine.execution.InvocationInterceptorChain$InterceptedInvocation.proceed(InvocationInterceptorChain.java:106)&#13;
	at org.junit.jupiter.engine.execution.InvocationInterceptorChain.proceed(InvocationInterceptorChain.java:64)&#13;
	at org.junit.jupiter.engine.execution.InvocationInterceptorChain.chainAndInvoke(InvocationInterceptorChain.java:45)&#13;
	at org.junit.jupiter.engine.execution.InvocationInterceptorChain.invoke(InvocationInterceptorChain.java:37)&#13;
	at org.junit.jupiter.engine.execution.InterceptingExecutableInvoker.invoke(InterceptingExecutableInvoker.java:92)&#13;
	at org.junit.jupiter.engine.execution.InterceptingExecutableInvoker.invoke(InterceptingExecutableInvoker.java:86)&#13;
	at org.junit.jupiter.engine.descriptor.TestMethodTestDescriptor.lambda$invokeTestMethod$7(TestMethodTestDescriptor.java:217)&#13;
	at org.junit.platform.engine.support.hierarchical.ThrowableCollector.execute(ThrowableCollector.java:73)&#13;
	at org.junit.jupiter.engine.descriptor.TestMethodTestDescriptor.invokeTestMethod(TestMethodTestDescriptor.java:213)&#13;
	at org.junit.jupiter.engine.descriptor.TestMethodTestDescriptor.execute(TestMethodTestDescriptor.java:138)&#13;
	at org.junit.jupiter.engine.descriptor.TestMethodTestDescriptor.execute(TestMethodTestDescriptor.java:68)&#13;
	at org.junit.platform.engine.support.hierarchical.NodeTestTask.lambda$executeRecursively$6(NodeTestTask.java:151)&#13;
	at org.junit.platform.engine.support.hierarchical.ThrowableCollector.execute(ThrowableCollector.java:73)&#13;
	at org.junit.platform.engine.support.hierarchical.NodeTestTask.lambda$executeRecursively$8(NodeTestTask.java:141)&#13;
	at org.junit.platform.engine.support.hierarchical.Node.around(Node.java:137)&#13;
	at org.junit.platform.engine.support.hierarchical.NodeTestTask.lambda$executeRecursively$9(NodeTestTask.java:139)&#13;
	at org.junit.platform.engine.support.hierarchical.ThrowableCollector.execute(ThrowableCollector.java:73)&#13;
	at org.junit.platform.engine.support.hierarchical.NodeTestTask.executeRecursively(NodeTestTask.java:138)&#13;
	at org.junit.platform.engine.support.hierarchical.NodeTestTask.execute(NodeTestTask.java:95)&#13;
	at java.base/java.util.ArrayList.forEach(ArrayList.java:1511)&#13;
	at org.junit.platform.engine.support.hierarchical.SameThreadHierarchicalTestExecutorService.invokeAll(SameThreadHierarchicalTestExecutorService.java:41)&#13;
	at org.junit.platform.engine.support.hierarchical.NodeTestTask.lambda$executeRecursively$6(NodeTestTask.java:155)&#13;
	at org.junit.platform.engine.support.hierarchical.ThrowableCollector.execute(ThrowableCollector.java:73)&#13;
	at org.junit.platform.engine.support.hierarchical.NodeTestTask.lambda$executeRecursively$8(NodeTestTask.java:141)&#13;
	at org.junit.platform.engine.support.hierarchical.Node.around(Node.java:137)&#13;
	at org.junit.platform.engine.support.hierarchical.NodeTestTask.lambda$executeRecursively$9(NodeTestTask.java:139)&#13;
	at org.junit.platform.engine.support.hierarchical.ThrowableCollector.execute(ThrowableCollector.java:73)&#13;
	at org.junit.platform.engine.support.hierarchical.NodeTestTask.executeRecursively(NodeTestTask.java:138)&#13;
	at org.junit.platform.engine.support.hierarchical.NodeTestTask.execute(NodeTestTask.java:95)&#13;
	at java.base/java.util.ArrayList.forEach(ArrayList.java:1511)&#13;
	at org.junit.platform.engine.support.hierarchical.SameThreadHierarchicalTestExecutorService.invokeAll(SameThreadHierarchicalTestExecutorService.java:41)&#13;
	at org.junit.platform.engine.support.hierarchical.NodeTestTask.lambda$executeRecursively$6(NodeTestTask.java:155)&#13;
	at org.junit.platform.engine.support.hierarchical.ThrowableCollector.execute(ThrowableCollector.java:73)&#13;
	at org.junit.platform.engine.support.hierarchical.NodeTestTask.lambda$executeRecursively$8(NodeTestTask.java:141)&#13;
	at org.junit.platform.engine.support.hierarchical.Node.around(Node.java:137)&#13;
	at org.junit.platform.engine.support.hierarchical.NodeTestTask.lambda$executeRecursively$9(NodeTestTask.java:139)&#13;
	at org.junit.platform.engine.support.hierarchical.ThrowableCollector.execute(ThrowableCollector.java:73)&#13;
	at org.junit.platform.engine.support.hierarchical.NodeTestTask.executeRecursively(NodeTestTask.java:138)&#13;
	at org.junit.platform.engine.support.hierarchical.NodeTestTask.execute(NodeTestTask.java:95)&#13;
	at org.junit.platform.engine.support.hierarchical.SameThreadHierarchicalTestExecutorService.submit(SameThreadHierarchicalTestExecutorService.java:35)&#13;
	at org.junit.platform.engine.support.hierarchical.HierarchicalTestExecutor.execute(HierarchicalTestExecutor.java:57)&#13;
	at org.junit.platform.engine.support.hierarchical.HierarchicalTestEngine.execute(HierarchicalTestEngine.java:54)&#13;
	at org.junit.platform.launcher.core.EngineExecutionOrchestrator.execute(EngineExecutionOrchestrator.java:147)&#13;
	at org.junit.platform.launcher.core.EngineExecutionOrchestrator.execute(EngineExecutionOrchestrator.java:127)&#13;
	at org.junit.platform.launcher.core.EngineExecutionOrchestrator.execute(EngineExecutionOrchestrator.java:90)&#13;
	at org.junit.platform.launcher.core.EngineExecutionOrchestrator.lambda$execute$0(EngineExecutionOrchestrator.java:55)&#13;
	at org.junit.platform.launcher.core.EngineExecutionOrchestrator.withInterceptedStreams(EngineExecutionOrchestrator.java:102)&#13;
	at org.junit.platform.launcher.core.EngineExecutionOrchestrator.execute(EngineExecutionOrchestrator.java:54)&#13;
	at org.junit.platform.launcher.core.DefaultLauncher.execute(DefaultLauncher.java:114)&#13;
	at org.junit.platform.launcher.core.DefaultLauncher.execute(DefaultLauncher.java:95)&#13;
	at org.junit.platform.launcher.core.DefaultLauncherSession$DelegatingLauncher.execute(DefaultLauncherSession.java:91)&#13;
	at org.junit.platform.launcher.core.SessionPerRequestLauncher.execute(SessionPerRequestLauncher.java:60)&#13;
	at org.eclipse.jdt.internal.junit5.runner.JUnit5TestReference.run(JUnit5TestReference.java:98)&#13;
	at org.eclipse.jdt.internal.junit.runner.TestExecution.run(TestExecution.java:40)&#13;
	at org.eclipse.jdt.internal.junit.runner.RemoteTestRunner.runTests(RemoteTestRunner.java:529)&#13;
	at org.eclipse.jdt.internal.junit.runner.RemoteTestRunner.runTests(RemoteTestRunner.java:756)&#13;
	at org.eclipse.jdt.internal.junit.runner.RemoteTestRunner.run(RemoteTestRunner.java:452)&#13;
	at org.eclipse.jdt.internal.junit.runner.RemoteTestRunner.main(RemoteTestRunner.java:210)&#13;
Caused by: java.lang.IllegalArgumentException: Invalid XSSF Excel file&#13;
	at com.example.demo.service.StudentServiceImpl.readDataFromXSSFExcel(StudentServiceImpl.java:293)&#13;
	at com.example.demo.service.StudentServiceImpl.dumpingDataFromExcelFile(StudentServiceImpl.java:282)&#13;
	at com.example.demo.controller.StudentServiceUnitTest.lambda$1(StudentServiceUnitTest.java:1427)&#13;
	at org.junit.jupiter.api.AssertThrows.assertThrows(AssertThrows.java:53)&#13;
	... 73 more&#13;
&#13;

      </failure>
    </testcase>
    <testcase name="testGetStudentByRollNumber_Existing" classname="com.example.demo.controller.StudentServiceUnitTest" time="0.008" displayname="testGetStudentByRollNumber_Existing()" uniqueid="[engine:junit-jupiter]/[class:com.example.demo.controller.StudentServiceUnitTest]/[method:testGetStudentByRollNumber_Existing()]"/>
    <testcase name="testDeleteStudentById_NonExistingStudent" classname="com.example.demo.controller.StudentServiceUnitTest" time="0.007" displayname="testDeleteStudentById_NonExistingStudent()" uniqueid="[engine:junit-jupiter]/[class:com.example.demo.controller.StudentServiceUnitTest]/[method:testDeleteStudentById_NonExistingStudent()]"/>
    <testcase name="testDumpingDataFromCSVFile" classname="com.example.demo.controller.StudentServiceUnitTest" time="0.155" displayname="testDumpingDataFromCSVFile()" uniqueid="[engine:junit-jupiter]/[class:com.example.demo.controller.StudentServiceUnitTest]/[method:testDumpingDataFromCSVFile()]">
      <error>java.lang.NullPointerException: Cannot invoke "com.example.demo.repo.StudentRepository.saveAll(java.lang.Iterable)" because "&lt;local3&gt;.studentRepository" is null&#13;
	at com.example.demo.service.StudentServiceImpl.dumpingDataFromCSVFile(StudentServiceImpl.java:394)&#13;
	at com.example.demo.controller.StudentServiceUnitTest.testDumpingDataFromCSVFile(StudentServiceUnitTest.java:1320)&#13;
	at java.base/jdk.internal.reflect.NativeMethodAccessorImpl.invoke0(Native Method)&#13;
	at java.base/jdk.internal.reflect.NativeMethodAccessorImpl.invoke(NativeMethodAccessorImpl.java:77)&#13;
	at java.base/jdk.internal.reflect.DelegatingMethodAccessorImpl.invoke(DelegatingMethodAccessorImpl.java:43)&#13;
	at java.base/java.lang.reflect.Method.invoke(Method.java:568)&#13;
	at org.junit.platform.commons.util.ReflectionUtils.invokeMethod(ReflectionUtils.java:727)&#13;
	at org.junit.jupiter.engine.execution.MethodInvocation.proceed(MethodInvocation.java:60)&#13;
	at org.junit.jupiter.engine.execution.InvocationInterceptorChain$ValidatingInvocation.proceed(InvocationInterceptorChain.java:131)&#13;
	at org.junit.jupiter.engine.extension.TimeoutExtension.intercept(TimeoutExtension.java:156)&#13;
	at org.junit.jupiter.engine.extension.TimeoutExtension.interceptTestableMethod(TimeoutExtension.java:147)&#13;
	at org.junit.jupiter.engine.extension.TimeoutExtension.interceptTestMethod(TimeoutExtension.java:86)&#13;
	at org.junit.jupiter.engine.execution.InterceptingExecutableInvoker$ReflectiveInterceptorCall.lambda$ofVoidMethod$0(InterceptingExecutableInvoker.java:103)&#13;
	at org.junit.jupiter.engine.execution.InterceptingExecutableInvoker.lambda$invoke$0(InterceptingExecutableInvoker.java:93)&#13;
	at org.junit.jupiter.engine.execution.InvocationInterceptorChain$InterceptedInvocation.proceed(InvocationInterceptorChain.java:106)&#13;
	at org.junit.jupiter.engine.execution.InvocationInterceptorChain.proceed(InvocationInterceptorChain.java:64)&#13;
	at org.junit.jupiter.engine.execution.InvocationInterceptorChain.chainAndInvoke(InvocationInterceptorChain.java:45)&#13;
	at org.junit.jupiter.engine.execution.InvocationInterceptorChain.invoke(InvocationInterceptorChain.java:37)&#13;
	at org.junit.jupiter.engine.execution.InterceptingExecutableInvoker.invoke(InterceptingExecutableInvoker.java:92)&#13;
	at org.junit.jupiter.engine.execution.InterceptingExecutableInvoker.invoke(InterceptingExecutableInvoker.java:86)&#13;
	at org.junit.jupiter.engine.descriptor.TestMethodTestDescriptor.lambda$invokeTestMethod$7(TestMethodTestDescriptor.java:217)&#13;
	at org.junit.platform.engine.support.hierarchical.ThrowableCollector.execute(ThrowableCollector.java:73)&#13;
	at org.junit.jupiter.engine.descriptor.TestMethodTestDescriptor.invokeTestMethod(TestMethodTestDescriptor.java:213)&#13;
	at org.junit.jupiter.engine.descriptor.TestMethodTestDescriptor.execute(TestMethodTestDescriptor.java:138)&#13;
	at org.junit.jupiter.engine.descriptor.TestMethodTestDescriptor.execute(TestMethodTestDescriptor.java:68)&#13;
	at org.junit.platform.engine.support.hierarchical.NodeTestTask.lambda$executeRecursively$6(NodeTestTask.java:151)&#13;
	at org.junit.platform.engine.support.hierarchical.ThrowableCollector.execute(ThrowableCollector.java:73)&#13;
	at org.junit.platform.engine.support.hierarchical.NodeTestTask.lambda$executeRecursively$8(NodeTestTask.java:141)&#13;
	at org.junit.platform.engine.support.hierarchical.Node.around(Node.java:137)&#13;
	at org.junit.platform.engine.support.hierarchical.NodeTestTask.lambda$executeRecursively$9(NodeTestTask.java:139)&#13;
	at org.junit.platform.engine.support.hierarchical.ThrowableCollector.execute(ThrowableCollector.java:73)&#13;
	at org.junit.platform.engine.support.hierarchical.NodeTestTask.executeRecursively(NodeTestTask.java:138)&#13;
	at org.junit.platform.engine.support.hierarchical.NodeTestTask.execute(NodeTestTask.java:95)&#13;
	at java.base/java.util.ArrayList.forEach(ArrayList.java:1511)&#13;
	at org.junit.platform.engine.support.hierarchical.SameThreadHierarchicalTestExecutorService.invokeAll(SameThreadHierarchicalTestExecutorService.java:41)&#13;
	at org.junit.platform.engine.support.hierarchical.NodeTestTask.lambda$executeRecursively$6(NodeTestTask.java:155)&#13;
	at org.junit.platform.engine.support.hierarchical.ThrowableCollector.execute(ThrowableCollector.java:73)&#13;
	at org.junit.platform.engine.support.hierarchical.NodeTestTask.lambda$executeRecursively$8(NodeTestTask.java:141)&#13;
	at org.junit.platform.engine.support.hierarchical.Node.around(Node.java:137)&#13;
	at org.junit.platform.engine.support.hierarchical.NodeTestTask.lambda$executeRecursively$9(NodeTestTask.java:139)&#13;
	at org.junit.platform.engine.support.hierarchical.ThrowableCollector.execute(ThrowableCollector.java:73)&#13;
	at org.junit.platform.engine.support.hierarchical.NodeTestTask.executeRecursively(NodeTestTask.java:138)&#13;
	at org.junit.platform.engine.support.hierarchical.NodeTestTask.execute(NodeTestTask.java:95)&#13;
	at java.base/java.util.ArrayList.forEach(ArrayList.java:1511)&#13;
	at org.junit.platform.engine.support.hierarchical.SameThreadHierarchicalTestExecutorService.invokeAll(SameThreadHierarchicalTestExecutorService.java:41)&#13;
	at org.junit.platform.engine.support.hierarchical.NodeTestTask.lambda$executeRecursively$6(NodeTestTask.java:155)&#13;
	at org.junit.platform.engine.support.hierarchical.ThrowableCollector.execute(ThrowableCollector.java:73)&#13;
	at org.junit.platform.engine.support.hierarchical.NodeTestTask.lambda$executeRecursively$8(NodeTestTask.java:141)&#13;
	at org.junit.platform.engine.support.hierarchical.Node.around(Node.java:137)&#13;
	at org.junit.platform.engine.support.hierarchical.NodeTestTask.lambda$executeRecursively$9(NodeTestTask.java:139)&#13;
	at org.junit.platform.engine.support.hierarchical.ThrowableCollector.execute(ThrowableCollector.java:73)&#13;
	at org.junit.platform.engine.support.hierarchical.NodeTestTask.executeRecursively(NodeTestTask.java:138)&#13;
	at org.junit.platform.engine.support.hierarchical.NodeTestTask.execute(NodeTestTask.java:95)&#13;
	at org.junit.platform.engine.support.hierarchical.SameThreadHierarchicalTestExecutorService.submit(SameThreadHierarchicalTestExecutorService.java:35)&#13;
	at org.junit.platform.engine.support.hierarchical.HierarchicalTestExecutor.execute(HierarchicalTestExecutor.java:57)&#13;
	at org.junit.platform.engine.support.hierarchical.HierarchicalTestEngine.execute(HierarchicalTestEngine.java:54)&#13;
	at org.junit.platform.launcher.core.EngineExecutionOrchestrator.execute(EngineExecutionOrchestrator.java:147)&#13;
	at org.junit.platform.launcher.core.EngineExecutionOrchestrator.execute(EngineExecutionOrchestrator.java:127)&#13;
	at org.junit.platform.launcher.core.EngineExecutionOrchestrator.execute(EngineExecutionOrchestrator.java:90)&#13;
	at org.junit.platform.launcher.core.EngineExecutionOrchestrator.lambda$execute$0(EngineExecutionOrchestrator.java:55)&#13;
	at org.junit.platform.launcher.core.EngineExecutionOrchestrator.withInterceptedStreams(EngineExecutionOrchestrator.java:102)&#13;
	at org.junit.platform.launcher.core.EngineExecutionOrchestrator.execute(EngineExecutionOrchestrator.java:54)&#13;
	at org.junit.platform.launcher.core.DefaultLauncher.execute(DefaultLauncher.java:114)&#13;
	at org.junit.platform.launcher.core.DefaultLauncher.execute(DefaultLauncher.java:95)&#13;
	at org.junit.platform.launcher.core.DefaultLauncherSession$DelegatingLauncher.execute(DefaultLauncherSession.java:91)&#13;
	at org.junit.platform.launcher.core.SessionPerRequestLauncher.execute(SessionPerRequestLauncher.java:60)&#13;
	at org.eclipse.jdt.internal.junit5.runner.JUnit5TestReference.run(JUnit5TestReference.java:98)&#13;
	at org.eclipse.jdt.internal.junit.runner.TestExecution.run(TestExecution.java:40)&#13;
	at org.eclipse.jdt.internal.junit.runner.RemoteTestRunner.runTests(RemoteTestRunner.java:529)&#13;
	at org.eclipse.jdt.internal.junit.runner.RemoteTestRunner.runTests(RemoteTestRunner.java:756)&#13;
	at org.eclipse.jdt.internal.junit.runner.RemoteTestRunner.run(RemoteTestRunner.java:452)&#13;
	at org.eclipse.jdt.internal.junit.runner.RemoteTestRunner.main(RemoteTestRunner.java:210)&#13;
&#13;
</error>
    </testcase>
    <testcase name="testGetDetailsByName_NonExisting" classname="com.example.demo.controller.StudentServiceUnitTest" time="0.008" displayname="testGetDetailsByName_NonExisting()" uniqueid="[engine:junit-jupiter]/[class:com.example.demo.controller.StudentServiceUnitTest]/[method:testGetDetailsByName_NonExisting()]"/>
    <testcase name="testGetStudentDetailsByRollNumber_NonExisting" classname="com.example.demo.controller.StudentServiceUnitTest" time="0.007" displayname="testGetStudentDetailsByRollNumber_NonExisting()" uniqueid="[engine:junit-jupiter]/[class:com.example.demo.controller.StudentServiceUnitTest]/[method:testGetStudentDetailsByRollNumber_NonExisting()]"/>
    <testcase name="findAll_should_return_Student_list" classname="com.example.demo.controller.StudentServiceUnitTest" time="0.004" displayname="findAll_should_return_Student_list()" uniqueid="[engine:junit-jupiter]/[class:com.example.demo.controller.StudentServiceUnitTest]/[method:findAll_should_return_Student_list()]"/>
    <testcase name="testSearchStudentsByBranch_nullBranch_returnsEmptyList" classname="com.example.demo.controller.StudentServiceUnitTest" time="0.005" displayname="testSearchStudentsByBranch_nullBranch_returnsEmptyList()" uniqueid="[engine:junit-jupiter]/[class:com.example.demo.controller.StudentServiceUnitTest]/[method:testSearchStudentsByBranch_nullBranch_returnsEmptyList()]"/>
    <testcase name="testSearchStudentsByBranch_existingBranch_returnsListOfStudents" classname="com.example.demo.controller.StudentServiceUnitTest" time="0.005" displayname="testSearchStudentsByBranch_existingBranch_returnsListOfStudents()" uniqueid="[engine:junit-jupiter]/[class:com.example.demo.controller.StudentServiceUnitTest]/[method:testSearchStudentsByBranch_existingBranch_returnsListOfStudents()]"/>
    <testcase name="testUploadMultipleFiles_SuccessfulUpload" classname="com.example.demo.controller.StudentServiceUnitTest" time="0.011" displayname="testUploadMultipleFiles_SuccessfulUpload()" uniqueid="[engine:junit-jupiter]/[class:com.example.demo.controller.StudentServiceUnitTest]/[method:testUploadMultipleFiles_SuccessfulUpload()]"/>
    <testcase name="testSearchStudentsByRollNumber_nullRollNumber_returnsEmptyList" classname="com.example.demo.controller.StudentServiceUnitTest" time="0.004" displayname="testSearchStudentsByRollNumber_nullRollNumber_returnsEmptyList()" uniqueid="[engine:junit-jupiter]/[class:com.example.demo.controller.StudentServiceUnitTest]/[method:testSearchStudentsByRollNumber_nullRollNumber_returnsEmptyList()]"/>
    <testcase name="testCreatePdf_ErrorInDocumentGeneration" classname="com.example.demo.controller.StudentServiceUnitTest" time="0.49" displayname="testCreatePdf_ErrorInDocumentGeneration()" uniqueid="[engine:junit-jupiter]/[class:com.example.demo.controller.StudentServiceUnitTest]/[method:testCreatePdf_ErrorInDocumentGeneration()]"/>
    <testcase name="testUpdateStudentById_ExistingStudent" classname="com.example.demo.controller.StudentServiceUnitTest" time="0.005" displayname="testUpdateStudentById_ExistingStudent()" uniqueid="[engine:junit-jupiter]/[class:com.example.demo.controller.StudentServiceUnitTest]/[method:testUpdateStudentById_ExistingStudent()]"/>
    <testcase name="testCreateExcelDocument_WithNoStudents_ReturnsEmptyExcel" classname="com.example.demo.controller.StudentServiceUnitTest" time="0.07" displayname="testCreateExcelDocument_WithNoStudents_ReturnsEmptyExcel()" uniqueid="[engine:junit-jupiter]/[class:com.example.demo.controller.StudentServiceUnitTest]/[method:testCreateExcelDocument_WithNoStudents_ReturnsEmptyExcel()]"/>
    <testcase name="testSearchStudentsByName_caseSensitiveName_returnsListOfStudents" classname="com.example.demo.controller.StudentServiceUnitTest" time="0.004" displayname="testSearchStudentsByName_caseSensitiveName_returnsListOfStudents()" uniqueid="[engine:junit-jupiter]/[class:com.example.demo.controller.StudentServiceUnitTest]/[method:testSearchStudentsByName_caseSensitiveName_returnsListOfStudents()]"/>
    <testcase name="testGetStudentDetailsByName_Existing" classname="com.example.demo.controller.StudentServiceUnitTest" time="0.004" displayname="testGetStudentDetailsByName_Existing()" uniqueid="[engine:junit-jupiter]/[class:com.example.demo.controller.StudentServiceUnitTest]/[method:testGetStudentDetailsByName_Existing()]"/>
    <testcase name="testSearchStudentsByName_multipleStudentsWithSameName_returnsListOfStudents" classname="com.example.demo.controller.StudentServiceUnitTest" time="0.004" displayname="testSearchStudentsByName_multipleStudentsWithSameName_returnsListOfStudents()" uniqueid="[engine:junit-jupiter]/[class:com.example.demo.controller.StudentServiceUnitTest]/[method:testSearchStudentsByName_multipleStudentsWithSameName_returnsListOfStudents()]"/>
    <testcase name="testSearchStudentsByBranch_nonExistingBranch_returnsEmptyList" classname="com.example.demo.controller.StudentServiceUnitTest" time="0.006" displayname="testSearchStudentsByBranch_nonExistingBranch_returnsEmptyList()" uniqueid="[engine:junit-jupiter]/[class:com.example.demo.controller.StudentServiceUnitTest]/[method:testSearchStudentsByBranch_nonExistingBranch_returnsEmptyList()]"/>
    <testcase name="testUpdateStudentById_NonExistingStudent" classname="com.example.demo.controller.StudentServiceUnitTest" time="0.006" displayname="testUpdateStudentById_NonExistingStudent()" uniqueid="[engine:junit-jupiter]/[class:com.example.demo.controller.StudentServiceUnitTest]/[method:testUpdateStudentById_NonExistingStudent()]"/>
    <testcase name="testAddStudentDetails_Exception" classname="com.example.demo.controller.StudentServiceUnitTest" time="0.007" displayname="testAddStudentDetails_Exception()" uniqueid="[engine:junit-jupiter]/[class:com.example.demo.controller.StudentServiceUnitTest]/[method:testAddStudentDetails_Exception()]"/>
    <testcase name="testGetStudentDetailsByName_ExceptionCaught" classname="com.example.demo.controller.StudentServiceUnitTest" time="0.005" displayname="testGetStudentDetailsByName_ExceptionCaught()" uniqueid="[engine:junit-jupiter]/[class:com.example.demo.controller.StudentServiceUnitTest]/[method:testGetStudentDetailsByName_ExceptionCaught()]"/>
    <testcase name="testSearchStudentsByRollNumber_existingRollNumber_returnsListOfStudents" classname="com.example.demo.controller.StudentServiceUnitTest" time="0.004" displayname="testSearchStudentsByRollNumber_existingRollNumber_returnsListOfStudents()" uniqueid="[engine:junit-jupiter]/[class:com.example.demo.controller.StudentServiceUnitTest]/[method:testSearchStudentsByRollNumber_existingRollNumber_returnsListOfStudents()]"/>
    <testcase name="testAddStudentDetails_Existing" classname="com.example.demo.controller.StudentServiceUnitTest" time="0.006" displayname="testAddStudentDetails_Existing()" uniqueid="[engine:junit-jupiter]/[class:com.example.demo.controller.StudentServiceUnitTest]/[method:testAddStudentDetails_Existing()]"/>
    <testcase name="findByName_should_return_Student" classname="com.example.demo.controller.StudentServiceUnitTest" time="0.004" displayname="findByName_should_return_Student()" uniqueid="[engine:junit-jupiter]/[class:com.example.demo.controller.StudentServiceUnitTest]/[method:findByName_should_return_Student()]"/>
    <testcase name="testSearchStudentsByName_longName_returnsListOfStudents" classname="com.example.demo.controller.StudentServiceUnitTest" time="0.005" displayname="testSearchStudentsByName_longName_returnsListOfStudents()" uniqueid="[engine:junit-jupiter]/[class:com.example.demo.controller.StudentServiceUnitTest]/[method:testSearchStudentsByName_longName_returnsListOfStudents()]"/>
    <testcase name="testSearchStudentsByRollNumber_nonExistingRollNumber_returnsEmptyList" classname="com.example.demo.controller.StudentServiceUnitTest" time="0.006" displayname="testSearchStudentsByRollNumber_nonExistingRollNumber_returnsEmptyList()" uniqueid="[engine:junit-jupiter]/[class:com.example.demo.controller.StudentServiceUnitTest]/[method:testSearchStudentsByRollNumber_nonExistingRollNumber_returnsEmptyList()]"/>
    <testcase name="testDumpingDataFromExcelFile_WithSampleXSSFFile_ShouldSaveDataList" classname="com.example.demo.controller.StudentServiceUnitTest" time="0.009" displayname="testDumpingDataFromExcelFile_WithSampleXSSFFile_ShouldSaveDataList()" uniqueid="[engine:junit-jupiter]/[class:com.example.demo.controller.StudentServiceUnitTest]/[method:testDumpingDataFromExcelFile_WithSampleXSSFFile_ShouldSaveDataList()]">
      <failure>org.opentest4j.AssertionFailedError: Unexpected exception thrown: org.apache.poi.openxml4j.exceptions.NotOfficeXmlFileException: No valid entries or contents found, this is not a valid OOXML (Office Open XML) file&#13;
	at org.junit.jupiter.api.AssertionFailureBuilder.build(AssertionFailureBuilder.java:152)&#13;
	at org.junit.jupiter.api.AssertDoesNotThrow.createAssertionFailedError(AssertDoesNotThrow.java:84)&#13;
	at org.junit.jupiter.api.AssertDoesNotThrow.assertDoesNotThrow(AssertDoesNotThrow.java:53)&#13;
	at org.junit.jupiter.api.AssertDoesNotThrow.assertDoesNotThrow(AssertDoesNotThrow.java:36)&#13;
	at org.junit.jupiter.api.Assertions.assertDoesNotThrow(Assertions.java:3136)&#13;
	at com.example.demo.controller.StudentServiceUnitTest.testDumpingDataFromExcelFile_WithSampleXSSFFile_ShouldSaveDataList(StudentServiceUnitTest.java:1494)&#13;
	at java.base/jdk.internal.reflect.NativeMethodAccessorImpl.invoke0(Native Method)&#13;
	at java.base/jdk.internal.reflect.NativeMethodAccessorImpl.invoke(NativeMethodAccessorImpl.java:77)&#13;
	at java.base/jdk.internal.reflect.DelegatingMethodAccessorImpl.invoke(DelegatingMethodAccessorImpl.java:43)&#13;
	at java.base/java.lang.reflect.Method.invoke(Method.java:568)&#13;
	at org.junit.platform.commons.util.ReflectionUtils.invokeMethod(ReflectionUtils.java:727)&#13;
	at org.junit.jupiter.engine.execution.MethodInvocation.proceed(MethodInvocation.java:60)&#13;
	at org.junit.jupiter.engine.execution.InvocationInterceptorChain$ValidatingInvocation.proceed(InvocationInterceptorChain.java:131)&#13;
	at org.junit.jupiter.engine.extension.TimeoutExtension.intercept(TimeoutExtension.java:156)&#13;
	at org.junit.jupiter.engine.extension.TimeoutExtension.interceptTestableMethod(TimeoutExtension.java:147)&#13;
	at org.junit.jupiter.engine.extension.TimeoutExtension.interceptTestMethod(TimeoutExtension.java:86)&#13;
	at org.junit.jupiter.engine.execution.InterceptingExecutableInvoker$ReflectiveInterceptorCall.lambda$ofVoidMethod$0(InterceptingExecutableInvoker.java:103)&#13;
	at org.junit.jupiter.engine.execution.InterceptingExecutableInvoker.lambda$invoke$0(InterceptingExecutableInvoker.java:93)&#13;
	at org.junit.jupiter.engine.execution.InvocationInterceptorChain$InterceptedInvocation.proceed(InvocationInterceptorChain.java:106)&#13;
	at org.junit.jupiter.engine.execution.InvocationInterceptorChain.proceed(InvocationInterceptorChain.java:64)&#13;
	at org.junit.jupiter.engine.execution.InvocationInterceptorChain.chainAndInvoke(InvocationInterceptorChain.java:45)&#13;
	at org.junit.jupiter.engine.execution.InvocationInterceptorChain.invoke(InvocationInterceptorChain.java:37)&#13;
	at org.junit.jupiter.engine.execution.InterceptingExecutableInvoker.invoke(InterceptingExecutableInvoker.java:92)&#13;
	at org.junit.jupiter.engine.execution.InterceptingExecutableInvoker.invoke(InterceptingExecutableInvoker.java:86)&#13;
	at org.junit.jupiter.engine.descriptor.TestMethodTestDescriptor.lambda$invokeTestMethod$7(TestMethodTestDescriptor.java:217)&#13;
	at org.junit.platform.engine.support.hierarchical.ThrowableCollector.execute(ThrowableCollector.java:73)&#13;
	at org.junit.jupiter.engine.descriptor.TestMethodTestDescriptor.invokeTestMethod(TestMethodTestDescriptor.java:213)&#13;
	at org.junit.jupiter.engine.descriptor.TestMethodTestDescriptor.execute(TestMethodTestDescriptor.java:138)&#13;
	at org.junit.jupiter.engine.descriptor.TestMethodTestDescriptor.execute(TestMethodTestDescriptor.java:68)&#13;
	at org.junit.platform.engine.support.hierarchical.NodeTestTask.lambda$executeRecursively$6(NodeTestTask.java:151)&#13;
	at org.junit.platform.engine.support.hierarchical.ThrowableCollector.execute(ThrowableCollector.java:73)&#13;
	at org.junit.platform.engine.support.hierarchical.NodeTestTask.lambda$executeRecursively$8(NodeTestTask.java:141)&#13;
	at org.junit.platform.engine.support.hierarchical.Node.around(Node.java:137)&#13;
	at org.junit.platform.engine.support.hierarchical.NodeTestTask.lambda$executeRecursively$9(NodeTestTask.java:139)&#13;
	at org.junit.platform.engine.support.hierarchical.ThrowableCollector.execute(ThrowableCollector.java:73)&#13;
	at org.junit.platform.engine.support.hierarchical.NodeTestTask.executeRecursively(NodeTestTask.java:138)&#13;
	at org.junit.platform.engine.support.hierarchical.NodeTestTask.execute(NodeTestTask.java:95)&#13;
	at java.base/java.util.ArrayList.forEach(ArrayList.java:1511)&#13;
	at org.junit.platform.engine.support.hierarchical.SameThreadHierarchicalTestExecutorService.invokeAll(SameThreadHierarchicalTestExecutorService.java:41)&#13;
	at org.junit.platform.engine.support.hierarchical.NodeTestTask.lambda$executeRecursively$6(NodeTestTask.java:155)&#13;
	at org.junit.platform.engine.support.hierarchical.ThrowableCollector.execute(ThrowableCollector.java:73)&#13;
	at org.junit.platform.engine.support.hierarchical.NodeTestTask.lambda$executeRecursively$8(NodeTestTask.java:141)&#13;
	at org.junit.platform.engine.support.hierarchical.Node.around(Node.java:137)&#13;
	at org.junit.platform.engine.support.hierarchical.NodeTestTask.lambda$executeRecursively$9(NodeTestTask.java:139)&#13;
	at org.junit.platform.engine.support.hierarchical.ThrowableCollector.execute(ThrowableCollector.java:73)&#13;
	at org.junit.platform.engine.support.hierarchical.NodeTestTask.executeRecursively(NodeTestTask.java:138)&#13;
	at org.junit.platform.engine.support.hierarchical.NodeTestTask.execute(NodeTestTask.java:95)&#13;
	at java.base/java.util.ArrayList.forEach(ArrayList.java:1511)&#13;
	at org.junit.platform.engine.support.hierarchical.SameThreadHierarchicalTestExecutorService.invokeAll(SameThreadHierarchicalTestExecutorService.java:41)&#13;
	at org.junit.platform.engine.support.hierarchical.NodeTestTask.lambda$executeRecursively$6(NodeTestTask.java:155)&#13;
	at org.junit.platform.engine.support.hierarchical.ThrowableCollector.execute(ThrowableCollector.java:73)&#13;
	at org.junit.platform.engine.support.hierarchical.NodeTestTask.lambda$executeRecursively$8(NodeTestTask.java:141)&#13;
	at org.junit.platform.engine.support.hierarchical.Node.around(Node.java:137)&#13;
	at org.junit.platform.engine.support.hierarchical.NodeTestTask.lambda$executeRecursively$9(NodeTestTask.java:139)&#13;
	at org.junit.platform.engine.support.hierarchical.ThrowableCollector.execute(ThrowableCollector.java:73)&#13;
	at org.junit.platform.engine.support.hierarchical.NodeTestTask.executeRecursively(NodeTestTask.java:138)&#13;
	at org.junit.platform.engine.support.hierarchical.NodeTestTask.execute(NodeTestTask.java:95)&#13;
	at org.junit.platform.engine.support.hierarchical.SameThreadHierarchicalTestExecutorService.submit(SameThreadHierarchicalTestExecutorService.java:35)&#13;
	at org.junit.platform.engine.support.hierarchical.HierarchicalTestExecutor.execute(HierarchicalTestExecutor.java:57)&#13;
	at org.junit.platform.engine.support.hierarchical.HierarchicalTestEngine.execute(HierarchicalTestEngine.java:54)&#13;
	at org.junit.platform.launcher.core.EngineExecutionOrchestrator.execute(EngineExecutionOrchestrator.java:147)&#13;
	at org.junit.platform.launcher.core.EngineExecutionOrchestrator.execute(EngineExecutionOrchestrator.java:127)&#13;
	at org.junit.platform.launcher.core.EngineExecutionOrchestrator.execute(EngineExecutionOrchestrator.java:90)&#13;
	at org.junit.platform.launcher.core.EngineExecutionOrchestrator.lambda$execute$0(EngineExecutionOrchestrator.java:55)&#13;
	at org.junit.platform.launcher.core.EngineExecutionOrchestrator.withInterceptedStreams(EngineExecutionOrchestrator.java:102)&#13;
	at org.junit.platform.launcher.core.EngineExecutionOrchestrator.execute(EngineExecutionOrchestrator.java:54)&#13;
	at org.junit.platform.launcher.core.DefaultLauncher.execute(DefaultLauncher.java:114)&#13;
	at org.junit.platform.launcher.core.DefaultLauncher.execute(DefaultLauncher.java:95)&#13;
	at org.junit.platform.launcher.core.DefaultLauncherSession$DelegatingLauncher.execute(DefaultLauncherSession.java:91)&#13;
	at org.junit.platform.launcher.core.SessionPerRequestLauncher.execute(SessionPerRequestLauncher.java:60)&#13;
	at org.eclipse.jdt.internal.junit5.runner.JUnit5TestReference.run(JUnit5TestReference.java:98)&#13;
	at org.eclipse.jdt.internal.junit.runner.TestExecution.run(TestExecution.java:40)&#13;
	at org.eclipse.jdt.internal.junit.runner.RemoteTestRunner.runTests(RemoteTestRunner.java:529)&#13;
	at org.eclipse.jdt.internal.junit.runner.RemoteTestRunner.runTests(RemoteTestRunner.java:756)&#13;
	at org.eclipse.jdt.internal.junit.runner.RemoteTestRunner.run(RemoteTestRunner.java:452)&#13;
	at org.eclipse.jdt.internal.junit.runner.RemoteTestRunner.main(RemoteTestRunner.java:210)&#13;
Caused by: org.apache.poi.openxml4j.exceptions.NotOfficeXmlFileException: No valid entries or contents found, this is not a valid OOXML (Office Open XML) file&#13;
	at org.apache.poi.openxml4j.opc.ZipPackage.getPartsImpl(ZipPackage.java:296)&#13;
	at org.apache.poi.openxml4j.opc.OPCPackage.getParts(OPCPackage.java:743)&#13;
	at org.apache.poi.openxml4j.opc.OPCPackage.open(OPCPackage.java:315)&#13;
	at org.apache.poi.ooxml.util.PackageHelper.open(PackageHelper.java:59)&#13;
	at org.apache.poi.xssf.usermodel.XSSFWorkbook.&lt;init&gt;(XSSFWorkbook.java:289)&#13;
	at org.apache.poi.xssf.usermodel.XSSFWorkbook.&lt;init&gt;(XSSFWorkbook.java:285)&#13;
	at com.example.demo.service.StudentServiceImpl.readDataFromXSSFExcel(StudentServiceImpl.java:297)&#13;
	at com.example.demo.service.StudentServiceImpl.dumpingDataFromExcelFile(StudentServiceImpl.java:282)&#13;
	at com.example.demo.controller.StudentServiceUnitTest.lambda$3(StudentServiceUnitTest.java:1496)&#13;
	at org.junit.jupiter.api.AssertDoesNotThrow.assertDoesNotThrow(AssertDoesNotThrow.java:49)&#13;
	... 73 more&#13;
&#13;
</failure>
    </testcase>
    <testcase name="testGetStudentDetailsByRollNumber_ExceptionHandling" classname="com.example.demo.controller.StudentServiceUnitTest" time="0.005" displayname="testGetStudentDetailsByRollNumber_ExceptionHandling()" uniqueid="[engine:junit-jupiter]/[class:com.example.demo.controller.StudentServiceUnitTest]/[method:testGetStudentDetailsByRollNumber_ExceptionHandling()]"/>
    <testcase name="testCreateDocument" classname="com.example.demo.controller.StudentServiceUnitTest" time="0.43" displayname="testCreateDocument()" uniqueid="[engine:junit-jupiter]/[class:com.example.demo.controller.StudentServiceUnitTest]/[method:testCreateDocument()]"/>
    <testcase name="save_should_insert_new_Student" classname="com.example.demo.controller.StudentServiceUnitTest" time="0.003" displayname="save_should_insert_new_Student()" uniqueid="[engine:junit-jupiter]/[class:com.example.demo.controller.StudentServiceUnitTest]/[method:save_should_insert_new_Student()]"/>
    <testcase name="testGetAllStudentList_NonEmptyStudentList" classname="com.example.demo.controller.StudentServiceUnitTest" time="0.003" displayname="testGetAllStudentList_NonEmptyStudentList()" uniqueid="[engine:junit-jupiter]/[class:com.example.demo.controller.StudentServiceUnitTest]/[method:testGetAllStudentList_NonEmptyStudentList()]"/>
    <testcase name="testSearchStudentsByName_multipleStudentsWithSimilarNames_returnsListOfStudents" classname="com.example.demo.controller.StudentServiceUnitTest" time="0.004" displayname="testSearchStudentsByName_multipleStudentsWithSimilarNames_returnsListOfStudents()" uniqueid="[engine:junit-jupiter]/[class:com.example.demo.controller.StudentServiceUnitTest]/[method:testSearchStudentsByName_multipleStudentsWithSimilarNames_returnsListOfStudents()]"/>
    <testcase name="testUploadAnySpecificFile_ExceptionHandling" classname="com.example.demo.controller.StudentServiceUnitTest" time="0.008" displayname="testUploadAnySpecificFile_ExceptionHandling()" uniqueid="[engine:junit-jupiter]/[class:com.example.demo.controller.StudentServiceUnitTest]/[method:testUploadAnySpecificFile_ExceptionHandling()]"/>
    <testcase name="findById_should_return_Student" classname="com.example.demo.controller.StudentServiceUnitTest" time="0.004" displayname="findById_should_return_Student()" uniqueid="[engine:junit-jupiter]/[class:com.example.demo.controller.StudentServiceUnitTest]/[method:findById_should_return_Student()]"/>
    <testcase name="testCreatePdf" classname="com.example.demo.controller.StudentServiceUnitTest" time="0.011" displayname="testCreatePdf()" uniqueid="[engine:junit-jupiter]/[class:com.example.demo.controller.StudentServiceUnitTest]/[method:testCreatePdf()]"/>
    <testcase name="testGetStudentDetailsByRollNumber_InvalidRollNumber" classname="com.example.demo.controller.StudentServiceUnitTest" time="0.005" displayname="testGetStudentDetailsByRollNumber_InvalidRollNumber()" uniqueid="[engine:junit-jupiter]/[class:com.example.demo.controller.StudentServiceUnitTest]/[method:testGetStudentDetailsByRollNumber_InvalidRollNumber()]"/>
    <testcase name="testDeleteStudentById_ExceptionHandling" classname="com.example.demo.controller.StudentServiceUnitTest" time="0.005" displayname="testDeleteStudentById_ExceptionHandling()" uniqueid="[engine:junit-jupiter]/[class:com.example.demo.controller.StudentServiceUnitTest]/[method:testDeleteStudentById_ExceptionHandling()]"/>
    <testcase name="testSearchStudentsByName_specialCharactersInName_returnsListOfStudents" classname="com.example.demo.controller.StudentServiceUnitTest" time="0.005" displayname="testSearchStudentsByName_specialCharactersInName_returnsListOfStudents()" uniqueid="[engine:junit-jupiter]/[class:com.example.demo.controller.StudentServiceUnitTest]/[method:testSearchStudentsByName_specialCharactersInName_returnsListOfStudents()]"/>
    <testcase name="testGetStudentDetailsById_Exception" classname="com.example.demo.controller.StudentServiceUnitTest" time="0.006" displayname="testGetStudentDetailsById_Exception()" uniqueid="[engine:junit-jupiter]/[class:com.example.demo.controller.StudentServiceUnitTest]/[method:testGetStudentDetailsById_Exception()]"/>
    <testcase name="testDumpingDataFromExcelFile_WithValidHSSFFile_ShouldDumpData" classname="com.example.demo.controller.StudentServiceUnitTest" time="0.482" displayname="testDumpingDataFromExcelFile_WithValidHSSFFile_ShouldDumpData()" uniqueid="[engine:junit-jupiter]/[class:com.example.demo.controller.StudentServiceUnitTest]/[method:testDumpingDataFromExcelFile_WithValidHSSFFile_ShouldDumpData()]">
      <error>org.apache.poi.poifs.filesystem.NotOLE2FileException: Invalid header signature; read 0xE011BDBFEFBDBFEF, expected 0xE11AB1A1E011CFD0 - Your file appears not to be a valid OLE2 document&#13;
	at org.apache.poi.poifs.storage.HeaderBlock.&lt;init&gt;(HeaderBlock.java:149)&#13;
	at org.apache.poi.poifs.storage.HeaderBlock.&lt;init&gt;(HeaderBlock.java:115)&#13;
	at org.apache.poi.poifs.filesystem.POIFSFileSystem.&lt;init&gt;(POIFSFileSystem.java:326)&#13;
	at org.apache.poi.hssf.usermodel.HSSFWorkbook.&lt;init&gt;(HSSFWorkbook.java:431)&#13;
	at org.apache.poi.hssf.usermodel.HSSFWorkbook.&lt;init&gt;(HSSFWorkbook.java:411)&#13;
	at com.example.demo.service.StudentServiceImpl.readDataFromHSSFExcel(StudentServiceImpl.java:350)&#13;
	at com.example.demo.service.StudentServiceImpl.dumpingDataFromExcelFile(StudentServiceImpl.java:280)&#13;
	at com.example.demo.controller.StudentServiceUnitTest.testDumpingDataFromExcelFile_WithValidHSSFFile_ShouldDumpData(StudentServiceUnitTest.java:1378)&#13;
	at java.base/jdk.internal.reflect.NativeMethodAccessorImpl.invoke0(Native Method)&#13;
	at java.base/jdk.internal.reflect.NativeMethodAccessorImpl.invoke(NativeMethodAccessorImpl.java:77)&#13;
	at java.base/jdk.internal.reflect.DelegatingMethodAccessorImpl.invoke(DelegatingMethodAccessorImpl.java:43)&#13;
	at java.base/java.lang.reflect.Method.invoke(Method.java:568)&#13;
	at org.junit.platform.commons.util.ReflectionUtils.invokeMethod(ReflectionUtils.java:727)&#13;
	at org.junit.jupiter.engine.execution.MethodInvocation.proceed(MethodInvocation.java:60)&#13;
	at org.junit.jupiter.engine.execution.InvocationInterceptorChain$ValidatingInvocation.proceed(InvocationInterceptorChain.java:131)&#13;
	at org.junit.jupiter.engine.extension.TimeoutExtension.intercept(TimeoutExtension.java:156)&#13;
	at org.junit.jupiter.engine.extension.TimeoutExtension.interceptTestableMethod(TimeoutExtension.java:147)&#13;
	at org.junit.jupiter.engine.extension.TimeoutExtension.interceptTestMethod(TimeoutExtension.java:86)&#13;
	at org.junit.jupiter.engine.execution.InterceptingExecutableInvoker$ReflectiveInterceptorCall.lambda$ofVoidMethod$0(InterceptingExecutableInvoker.java:103)&#13;
	at org.junit.jupiter.engine.execution.InterceptingExecutableInvoker.lambda$invoke$0(InterceptingExecutableInvoker.java:93)&#13;
	at org.junit.jupiter.engine.execution.InvocationInterceptorChain$InterceptedInvocation.proceed(InvocationInterceptorChain.java:106)&#13;
	at org.junit.jupiter.engine.execution.InvocationInterceptorChain.proceed(InvocationInterceptorChain.java:64)&#13;
	at org.junit.jupiter.engine.execution.InvocationInterceptorChain.chainAndInvoke(InvocationInterceptorChain.java:45)&#13;
	at org.junit.jupiter.engine.execution.InvocationInterceptorChain.invoke(InvocationInterceptorChain.java:37)&#13;
	at org.junit.jupiter.engine.execution.InterceptingExecutableInvoker.invoke(InterceptingExecutableInvoker.java:92)&#13;
	at org.junit.jupiter.engine.execution.InterceptingExecutableInvoker.invoke(InterceptingExecutableInvoker.java:86)&#13;
	at org.junit.jupiter.engine.descriptor.TestMethodTestDescriptor.lambda$invokeTestMethod$7(TestMethodTestDescriptor.java:217)&#13;
	at org.junit.platform.engine.support.hierarchical.ThrowableCollector.execute(ThrowableCollector.java:73)&#13;
	at org.junit.jupiter.engine.descriptor.TestMethodTestDescriptor.invokeTestMethod(TestMethodTestDescriptor.java:213)&#13;
	at org.junit.jupiter.engine.descriptor.TestMethodTestDescriptor.execute(TestMethodTestDescriptor.java:138)&#13;
	at org.junit.jupiter.engine.descriptor.TestMethodTestDescriptor.execute(TestMethodTestDescriptor.java:68)&#13;
	at org.junit.platform.engine.support.hierarchical.NodeTestTask.lambda$executeRecursively$6(NodeTestTask.java:151)&#13;
	at org.junit.platform.engine.support.hierarchical.ThrowableCollector.execute(ThrowableCollector.java:73)&#13;
	at org.junit.platform.engine.support.hierarchical.NodeTestTask.lambda$executeRecursively$8(NodeTestTask.java:141)&#13;
	at org.junit.platform.engine.support.hierarchical.Node.around(Node.java:137)&#13;
	at org.junit.platform.engine.support.hierarchical.NodeTestTask.lambda$executeRecursively$9(NodeTestTask.java:139)&#13;
	at org.junit.platform.engine.support.hierarchical.ThrowableCollector.execute(ThrowableCollector.java:73)&#13;
	at org.junit.platform.engine.support.hierarchical.NodeTestTask.executeRecursively(NodeTestTask.java:138)&#13;
	at org.junit.platform.engine.support.hierarchical.NodeTestTask.execute(NodeTestTask.java:95)&#13;
	at java.base/java.util.ArrayList.forEach(ArrayList.java:1511)&#13;
	at org.junit.platform.engine.support.hierarchical.SameThreadHierarchicalTestExecutorService.invokeAll(SameThreadHierarchicalTestExecutorService.java:41)&#13;
	at org.junit.platform.engine.support.hierarchical.NodeTestTask.lambda$executeRecursively$6(NodeTestTask.java:155)&#13;
	at org.junit.platform.engine.support.hierarchical.ThrowableCollector.execute(ThrowableCollector.java:73)&#13;
	at org.junit.platform.engine.support.hierarchical.NodeTestTask.lambda$executeRecursively$8(NodeTestTask.java:141)&#13;
	at org.junit.platform.engine.support.hierarchical.Node.around(Node.java:137)&#13;
	at org.junit.platform.engine.support.hierarchical.NodeTestTask.lambda$executeRecursively$9(NodeTestTask.java:139)&#13;
	at org.junit.platform.engine.support.hierarchical.ThrowableCollector.execute(ThrowableCollector.java:73)&#13;
	at org.junit.platform.engine.support.hierarchical.NodeTestTask.executeRecursively(NodeTestTask.java:138)&#13;
	at org.junit.platform.engine.support.hierarchical.NodeTestTask.execute(NodeTestTask.java:95)&#13;
	at java.base/java.util.ArrayList.forEach(ArrayList.java:1511)&#13;
	at org.junit.platform.engine.support.hierarchical.SameThreadHierarchicalTestExecutorService.invokeAll(SameThreadHierarchicalTestExecutorService.java:41)&#13;
	at org.junit.platform.engine.support.hierarchical.NodeTestTask.lambda$executeRecursively$6(NodeTestTask.java:155)&#13;
	at org.junit.platform.engine.support.hierarchical.ThrowableCollector.execute(ThrowableCollector.java:73)&#13;
	at org.junit.platform.engine.support.hierarchical.NodeTestTask.lambda$executeRecursively$8(NodeTestTask.java:141)&#13;
	at org.junit.platform.engine.support.hierarchical.Node.around(Node.java:137)&#13;
	at org.junit.platform.engine.support.hierarchical.NodeTestTask.lambda$executeRecursively$9(NodeTestTask.java:139)&#13;
	at org.junit.platform.engine.support.hierarchical.ThrowableCollector.execute(ThrowableCollector.java:73)&#13;
	at org.junit.platform.engine.support.hierarchical.NodeTestTask.executeRecursively(NodeTestTask.java:138)&#13;
	at org.junit.platform.engine.support.hierarchical.NodeTestTask.execute(NodeTestTask.java:95)&#13;
	at org.junit.platform.engine.support.hierarchical.SameThreadHierarchicalTestExecutorService.submit(SameThreadHierarchicalTestExecutorService.java:35)&#13;
	at org.junit.platform.engine.support.hierarchical.HierarchicalTestExecutor.execute(HierarchicalTestExecutor.java:57)&#13;
	at org.junit.platform.engine.support.hierarchical.HierarchicalTestEngine.execute(HierarchicalTestEngine.java:54)&#13;
	at org.junit.platform.launcher.core.EngineExecutionOrchestrator.execute(EngineExecutionOrchestrator.java:147)&#13;
	at org.junit.platform.launcher.core.EngineExecutionOrchestrator.execute(EngineExecutionOrchestrator.java:127)&#13;
	at org.junit.platform.launcher.core.EngineExecutionOrchestrator.execute(EngineExecutionOrchestrator.java:90)&#13;
	at org.junit.platform.launcher.core.EngineExecutionOrchestrator.lambda$execute$0(EngineExecutionOrchestrator.java:55)&#13;
	at org.junit.platform.launcher.core.EngineExecutionOrchestrator.withInterceptedStreams(EngineExecutionOrchestrator.java:102)&#13;
	at org.junit.platform.launcher.core.EngineExecutionOrchestrator.execute(EngineExecutionOrchestrator.java:54)&#13;
	at org.junit.platform.launcher.core.DefaultLauncher.execute(DefaultLauncher.java:114)&#13;
	at org.junit.platform.launcher.core.DefaultLauncher.execute(DefaultLauncher.java:95)&#13;
	at org.junit.platform.launcher.core.DefaultLauncherSession$DelegatingLauncher.execute(DefaultLauncherSession.java:91)&#13;
	at org.junit.platform.launcher.core.SessionPerRequestLauncher.execute(SessionPerRequestLauncher.java:60)&#13;
	at org.eclipse.jdt.internal.junit5.runner.JUnit5TestReference.run(JUnit5TestReference.java:98)&#13;
	at org.eclipse.jdt.internal.junit.runner.TestExecution.run(TestExecution.java:40)&#13;
	at org.eclipse.jdt.internal.junit.runner.RemoteTestRunner.runTests(RemoteTestRunner.java:529)&#13;
	at org.eclipse.jdt.internal.junit.runner.RemoteTestRunner.runTests(RemoteTestRunner.java:756)&#13;
	at org.eclipse.jdt.internal.junit.runner.RemoteTestRunner.run(RemoteTestRunner.java:452)&#13;
	at org.eclipse.jdt.internal.junit.runner.RemoteTestRunner.main(RemoteTestRunner.java:210)&#13;
&#13;
</error>
    </testcase>
    <testcase name="deleteById_should_delete_student" classname="com.example.demo.controller.StudentServiceUnitTest" time="0.004" displayname="deleteById_should_delete_student()" uniqueid="[engine:junit-jupiter]/[class:com.example.demo.controller.StudentServiceUnitTest]/[method:deleteById_should_delete_student()]"/>
    <testcase name="testGetStudentDetailsById_NonExistingStudent" classname="com.example.demo.controller.StudentServiceUnitTest" time="0.005" displayname="testGetStudentDetailsById_NonExistingStudent()" uniqueid="[engine:junit-jupiter]/[class:com.example.demo.controller.StudentServiceUnitTest]/[method:testGetStudentDetailsById_NonExistingStudent()]"/>
    <testcase name="testDeleteStudentById_ExistingStudent" classname="com.example.demo.controller.StudentServiceUnitTest" time="0.005" displayname="testDeleteStudentById_ExistingStudent()" uniqueid="[engine:junit-jupiter]/[class:com.example.demo.controller.StudentServiceUnitTest]/[method:testDeleteStudentById_ExistingStudent()]"/>
    <testcase name="testSearchStudentsByBranch_partialBranch_returnsListOfStudents" classname="com.example.demo.controller.StudentServiceUnitTest" time="0.006" displayname="testSearchStudentsByBranch_partialBranch_returnsListOfStudents()" uniqueid="[engine:junit-jupiter]/[class:com.example.demo.controller.StudentServiceUnitTest]/[method:testSearchStudentsByBranch_partialBranch_returnsListOfStudents()]"/>
    <testcase name="findByRollNumber_should_return_Student" classname="com.example.demo.controller.StudentServiceUnitTest" time="0.004" displayname="findByRollNumber_should_return_Student()" uniqueid="[engine:junit-jupiter]/[class:com.example.demo.controller.StudentServiceUnitTest]/[method:findByRollNumber_should_return_Student()]"/>
    <testcase name="testGetStudentDetailsByRollNumber_ValidRollNumber" classname="com.example.demo.controller.StudentServiceUnitTest" time="0.006" displayname="testGetStudentDetailsByRollNumber_ValidRollNumber()" uniqueid="[engine:junit-jupiter]/[class:com.example.demo.controller.StudentServiceUnitTest]/[method:testGetStudentDetailsByRollNumber_ValidRollNumber()]"/>
    <testcase name="testUploadAnySpecificFile_FailedUpload" classname="com.example.demo.controller.StudentServiceUnitTest" time="0.006" displayname="testUploadAnySpecificFile_FailedUpload()" uniqueid="[engine:junit-jupiter]/[class:com.example.demo.controller.StudentServiceUnitTest]/[method:testUploadAnySpecificFile_FailedUpload()]"/>
    <testcase name="testCreateCSVDocument_ReturnsValidCSVDocument" classname="com.example.demo.controller.StudentServiceUnitTest" time="0.006" displayname="testCreateCSVDocument_ReturnsValidCSVDocument()" uniqueid="[engine:junit-jupiter]/[class:com.example.demo.controller.StudentServiceUnitTest]/[method:testCreateCSVDocument_ReturnsValidCSVDocument()]"/>
    <testcase name="testDumpingDataFromExcelFile_WithInvalidFileExtension_ShouldNotDumpData" classname="com.example.demo.controller.StudentServiceUnitTest" time="0.005" displayname="testDumpingDataFromExcelFile_WithInvalidFileExtension_ShouldNotDumpData()" uniqueid="[engine:junit-jupiter]/[class:com.example.demo.controller.StudentServiceUnitTest]/[method:testDumpingDataFromExcelFile_WithInvalidFileExtension_ShouldNotDumpData()]"/>
    <testcase name="testGetAllStudentList_EmptyStudentList" classname="com.example.demo.controller.StudentServiceUnitTest" time="0.004" displayname="testGetAllStudentList_EmptyStudentList()" uniqueid="[engine:junit-jupiter]/[class:com.example.demo.controller.StudentServiceUnitTest]/[method:testGetAllStudentList_EmptyStudentList()]"/>
    <testcase name="testReadDataFromHSSFExcel_WithSampleHSSFFile_ShouldReturnDataList" classname="com.example.demo.controller.StudentServiceUnitTest" time="0.246" displayname="testReadDataFromHSSFExcel_WithSampleHSSFFile_ShouldReturnDataList()" uniqueid="[engine:junit-jupiter]/[class:com.example.demo.controller.StudentServiceUnitTest]/[method:testReadDataFromHSSFExcel_WithSampleHSSFFile_ShouldReturnDataList()]"/>
  </testsuite>
</testrun>
